{"C:\\Users\\gueva\\Documents\\BYU-I\\CSE 341 - Web Services\\Team Assignment\\bishoprictools\\server.ts": {"path":"C:\\Users\\gueva\\Documents\\BYU-I\\CSE 341 - Web Services\\Team Assignment\\bishoprictools\\server.ts","statementMap":{"0":{"start":{"line":1,"column":0},"end":{"line":1,"column":76}},"1":{"start":{"line":2,"column":0},"end":{"line":2,"column":28}},"2":{"start":{"line":3,"column":0},"end":{"line":3,"column":37}},"3":{"start":{"line":4,"column":0},"end":{"line":4,"column":49}},"4":{"start":{"line":5,"column":0},"end":{"line":5,"column":41}},"5":{"start":{"line":6,"column":0},"end":{"line":6,"column":35}},"6":{"start":{"line":7,"column":0},"end":{"line":7,"column":39}},"7":{"start":{"line":8,"column":0},"end":{"line":8,"column":33}},"8":{"start":{"line":9,"column":0},"end":{"line":9,"column":48}},"9":{"start":{"line":10,"column":0},"end":{"line":10,"column":52}},"10":{"start":{"line":11,"column":22},"end":{"line":11,"column":47}},"11":{"start":{"line":12,"column":17},"end":{"line":12,"column":36}},"12":{"start":{"line":14,"column":0},"end":{"line":14,"column":16}},"13":{"start":{"line":16,"column":21},"end":{"line":16,"column":30}},"14":{"start":{"line":17,"column":13},"end":{"line":17,"column":39}},"15":{"start":{"line":18,"column":17},"end":{"line":18,"column":44}},"16":{"start":{"line":19,"column":13},"end":{"line":19,"column":66}},"17":{"start":{"line":21,"column":0},"end":{"line":21,"column":null}},"18":{"start":{"line":23,"column":0},"end":{"line":27,"column":4}},"19":{"start":{"line":29,"column":0},"end":{"line":29,"column":31}},"20":{"start":{"line":30,"column":0},"end":{"line":30,"column":28}},"21":{"start":{"line":32,"column":0},"end":{"line":32,"column":24}},"22":{"start":{"line":34,"column":0},"end":{"line":36,"column":3}},"23":{"start":{"line":35,"column":2},"end":{"line":35,"column":42}},"24":{"start":{"line":38,"column":0},"end":{"line":38,"column":72}},"25":{"start":{"line":40,"column":0},"end":{"line":46,"column":3}},"26":{"start":{"line":41,"column":2},"end":{"line":41,"column":52}},"27":{"start":{"line":42,"column":2},"end":{"line":42,"column":64}},"28":{"start":{"line":43,"column":2},"end":{"line":43,"column":52}},"29":{"start":{"line":44,"column":2},"end":{"line":44,"column":83}},"30":{"start":{"line":45,"column":2},"end":{"line":45,"column":9}},"31":{"start":{"line":49,"column":0},"end":{"line":49,"column":27}},"32":{"start":{"line":51,"column":0},"end":{"line":51,"column":23}},"33":{"start":{"line":53,"column":0},"end":{"line":53,"column":20}},"34":{"start":{"line":55,"column":0},"end":{"line":55,"column":22}},"35":{"start":{"line":57,"column":0},"end":{"line":57,"column":19}},"36":{"start":{"line":60,"column":0},"end":{"line":68,"column":3}},"37":{"start":{"line":61,"column":2},"end":{"line":61,"column":51}},"38":{"start":{"line":62,"column":2},"end":{"line":64,"column":5}},"39":{"start":{"line":63,"column":4},"end":{"line":63,"column":68}},"40":{"start":{"line":66,"column":2},"end":{"line":66,"column":19}},"41":{"start":{"line":67,"column":2},"end":{"line":67,"column":42}},"42":{"start":{"line":70,"column":0},"end":{"line":70,"column":19}}},"fnMap":{"0":{"name":"(anonymous_7)","decl":{"start":{"line":34,"column":13},"end":{"line":34,"column":14}},"loc":{"start":{"line":34,"column":45},"end":{"line":36,"column":1}}},"1":{"name":"(anonymous_8)","decl":{"start":{"line":40,"column":8},"end":{"line":40,"column":9}},"loc":{"start":{"line":40,"column":60},"end":{"line":46,"column":1}}},"2":{"name":"(anonymous_9)","decl":{"start":{"line":60,"column":32},"end":{"line":60,"column":35}},"loc":{"start":{"line":60,"column":37},"end":{"line":65,"column":1}}},"3":{"name":"(anonymous_10)","decl":{"start":{"line":62,"column":19},"end":{"line":62,"column":22}},"loc":{"start":{"line":62,"column":24},"end":{"line":64,"column":3}}},"4":{"name":"(anonymous_11)","decl":{"start":{"line":65,"column":9},"end":{"line":65,"column":10}},"loc":{"start":{"line":65,"column":24},"end":{"line":68,"column":1}}}},"branchMap":{"0":{"loc":{"start":{"line":17,"column":13},"end":{"line":17,"column":39}},"type":"binary-expr","locations":[{"start":{"line":17,"column":13},"end":{"line":17,"column":29}},{"start":{"line":17,"column":33},"end":{"line":17,"column":39}}]},"1":{"loc":{"start":{"line":18,"column":17},"end":{"line":18,"column":44}},"type":"binary-expr","locations":[{"start":{"line":18,"column":17},"end":{"line":18,"column":38}},{"start":{"line":18,"column":42},"end":{"line":18,"column":44}}]},"2":{"loc":{"start":{"line":19,"column":13},"end":{"line":19,"column":66}},"type":"binary-expr","locations":[{"start":{"line":19,"column":13},"end":{"line":19,"column":44}},{"start":{"line":19,"column":48},"end":{"line":19,"column":66}}]}},"s":{"0":1,"1":1,"2":1,"3":1,"4":1,"5":1,"6":1,"7":1,"8":1,"9":1,"10":1,"11":1,"12":1,"13":1,"14":1,"15":1,"16":1,"17":1,"18":1,"19":1,"20":1,"21":1,"22":1,"23":0,"24":1,"25":1,"26":4,"27":4,"28":4,"29":4,"30":4,"31":1,"32":1,"33":1,"34":1,"35":1,"36":1,"37":1,"38":1,"39":1,"40":0,"41":0,"42":1},"f":{"0":0,"1":4,"2":1,"3":1,"4":0},"b":{"0":[1,0],"1":[1,0],"2":[1,1]}}
,"C:\\Users\\gueva\\Documents\\BYU-I\\CSE 341 - Web Services\\Team Assignment\\bishoprictools\\config\\passport.ts": {"path":"C:\\Users\\gueva\\Documents\\BYU-I\\CSE 341 - Web Services\\Team Assignment\\bishoprictools\\config\\passport.ts","statementMap":{"0":{"start":{"line":3,"column":17},"end":{"line":3,"column":36}},"1":{"start":{"line":4,"column":23},"end":{"line":4,"column":57}},"2":{"start":{"line":5,"column":13},"end":{"line":5,"column":39}},"3":{"start":{"line":6,"column":15},"end":{"line":6,"column":43}},"4":{"start":{"line":7,"column":0},"end":{"line":7,"column":27}},"5":{"start":{"line":9,"column":0},"end":{"line":11,"column":3}},"6":{"start":{"line":10,"column":2},"end":{"line":10,"column":22}},"7":{"start":{"line":13,"column":0},"end":{"line":18,"column":3}},"8":{"start":{"line":13,"column":66},"end":{"line":18,"column":2}},"9":{"start":{"line":14,"column":15},"end":{"line":14,"column":38}},"10":{"start":{"line":15,"column":2},"end":{"line":17,"column":null}},"11":{"start":{"line":16,"column":4},"end":{"line":16,"column":21}},"12":{"start":{"line":20,"column":0},"end":{"line":46,"column":4}},"13":{"start":{"line":26,"column":93},"end":{"line":46,"column":2}},"14":{"start":{"line":27,"column":20},"end":{"line":29,"column":4}},"15":{"start":{"line":31,"column":2},"end":{"line":44,"column":null}},"16":{"start":{"line":32,"column":22},"end":{"line":32,"column":55}},"17":{"start":{"line":33,"column":21},"end":{"line":33,"column":54}},"18":{"start":{"line":34,"column":19},"end":{"line":37,"column":6}},"19":{"start":{"line":38,"column":4},"end":{"line":43,"column":null}},"20":{"start":{"line":39,"column":6},"end":{"line":42,"column":16}},"21":{"start":{"line":45,"column":2},"end":{"line":45,"column":26}}},"fnMap":{"0":{"name":"(anonymous_7)","decl":{"start":{"line":9,"column":23},"end":{"line":9,"column":24}},"loc":{"start":{"line":9,"column":65},"end":{"line":11,"column":1}}},"1":{"name":"(anonymous_8)","decl":{"start":{"line":13,"column":25},"end":{"line":13,"column":32}},"loc":{"start":{"line":13,"column":66},"end":{"line":18,"column":2}}},"2":{"name":"(anonymous_9)","decl":{"start":{"line":13,"column":66},"end":{"line":13,"column":null}},"loc":{"start":{"line":13,"column":66},"end":{"line":18,"column":1}}},"3":{"name":"(anonymous_10)","decl":{"start":{"line":26,"column":3},"end":{"line":26,"column":10}},"loc":{"start":{"line":26,"column":93},"end":{"line":46,"column":2}}},"4":{"name":"(anonymous_11)","decl":{"start":{"line":26,"column":93},"end":{"line":26,"column":null}},"loc":{"start":{"line":26,"column":93},"end":{"line":46,"column":1}}}},"branchMap":{"0":{"loc":{"start":{"line":15,"column":2},"end":{"line":17,"column":null}},"type":"if","locations":[{"start":{"line":15,"column":2},"end":{"line":17,"column":null}}]},"1":{"loc":{"start":{"line":31,"column":2},"end":{"line":44,"column":null}},"type":"if","locations":[{"start":{"line":31,"column":2},"end":{"line":44,"column":null}}]},"2":{"loc":{"start":{"line":38,"column":4},"end":{"line":43,"column":null}},"type":"if","locations":[{"start":{"line":38,"column":4},"end":{"line":43,"column":null}}]}},"s":{"0":1,"1":1,"2":1,"3":1,"4":1,"5":1,"6":0,"7":1,"8":0,"9":0,"10":0,"11":0,"12":1,"13":0,"14":0,"15":0,"16":0,"17":0,"18":0,"19":0,"20":0,"21":0},"f":{"0":0,"1":0,"2":0,"3":0,"4":0},"b":{"0":[0],"1":[0],"2":[0]}}
,"C:\\Users\\gueva\\Documents\\BYU-I\\CSE 341 - Web Services\\Team Assignment\\bishoprictools\\controllers\\auth.ts": {"path":"C:\\Users\\gueva\\Documents\\BYU-I\\CSE 341 - Web Services\\Team Assignment\\bishoprictools\\controllers\\auth.ts","statementMap":{"0":{"start":{"line":3,"column":13},"end":{"line":15,"column":null}},"1":{"start":{"line":6,"column":4},"end":{"line":6,"column":33}},"2":{"start":{"line":12,"column":4},"end":{"line":12,"column":17}},"3":{"start":{"line":13,"column":4},"end":{"line":13,"column":22}},"4":{"start":{"line":17,"column":0},"end":{"line":17,"column":null}}},"fnMap":{"0":{"name":"(anonymous_0)","decl":{"start":{"line":4,"column":2},"end":{"line":4,"column":7}},"loc":{"start":{"line":4,"column":35},"end":{"line":7,"column":3}}},"1":{"name":"(anonymous_1)","decl":{"start":{"line":9,"column":2},"end":{"line":9,"column":8}},"loc":{"start":{"line":9,"column":36},"end":{"line":14,"column":3}}}},"branchMap":{},"s":{"0":1,"1":0,"2":0,"3":0,"4":1},"f":{"0":0,"1":0},"b":{}}
,"C:\\Users\\gueva\\Documents\\BYU-I\\CSE 341 - Web Services\\Team Assignment\\bishoprictools\\controllers\\callings.ts": {"path":"C:\\Users\\gueva\\Documents\\BYU-I\\CSE 341 - Web Services\\Team Assignment\\bishoprictools\\controllers\\callings.ts","statementMap":{"0":{"start":{"line":2,"column":0},"end":{"line":2,"column":35}},"1":{"start":{"line":3,"column":0},"end":{"line":3,"column":41}},"2":{"start":{"line":6,"column":17},"end":{"line":191,"column":2}},"3":{"start":{"line":14,"column":4},"end":{"line":25,"column":null}},"4":{"start":{"line":15,"column":23},"end":{"line":15,"column":56}},"5":{"start":{"line":19,"column":6},"end":{"line":19,"column":37}},"6":{"start":{"line":24,"column":6},"end":{"line":24,"column":32}},"7":{"start":{"line":40,"column":4},"end":{"line":61,"column":null}},"8":{"start":{"line":42,"column":6},"end":{"line":50,"column":null}},"9":{"start":{"line":43,"column":8},"end":{"line":43,"column":48}},"10":{"start":{"line":48,"column":8},"end":{"line":48,"column":67}},"11":{"start":{"line":49,"column":8},"end":{"line":49,"column":15}},"12":{"start":{"line":51,"column":22},"end":{"line":51,"column":58}},"13":{"start":{"line":55,"column":6},"end":{"line":55,"column":36}},"14":{"start":{"line":60,"column":6},"end":{"line":60,"column":32}},"15":{"start":{"line":77,"column":4},"end":{"line":100,"column":null}},"16":{"start":{"line":78,"column":22},"end":{"line":81,"column":8}},"17":{"start":{"line":82,"column":25},"end":{"line":89,"column":8}},"18":{"start":{"line":86,"column":8},"end":{"line":88,"column":11}},"19":{"start":{"line":94,"column":6},"end":{"line":94,"column":39}},"20":{"start":{"line":99,"column":6},"end":{"line":99,"column":32}},"21":{"start":{"line":115,"column":4},"end":{"line":136,"column":null}},"22":{"start":{"line":117,"column":6},"end":{"line":125,"column":null}},"23":{"start":{"line":118,"column":8},"end":{"line":118,"column":48}},"24":{"start":{"line":123,"column":8},"end":{"line":123,"column":67}},"25":{"start":{"line":124,"column":8},"end":{"line":124,"column":15}},"26":{"start":{"line":126,"column":6},"end":{"line":126,"column":34}},"27":{"start":{"line":130,"column":6},"end":{"line":130,"column":29}},"28":{"start":{"line":135,"column":6},"end":{"line":135,"column":32}},"29":{"start":{"line":157,"column":4},"end":{"line":189,"column":null}},"30":{"start":{"line":158,"column":22},"end":{"line":161,"column":null}},"31":{"start":{"line":163,"column":6},"end":{"line":171,"column":null}},"32":{"start":{"line":164,"column":8},"end":{"line":164,"column":48}},"33":{"start":{"line":169,"column":8},"end":{"line":169,"column":67}},"34":{"start":{"line":170,"column":8},"end":{"line":170,"column":15}},"35":{"start":{"line":172,"column":6},"end":{"line":179,"column":9}},"36":{"start":{"line":176,"column":8},"end":{"line":178,"column":11}},"37":{"start":{"line":183,"column":6},"end":{"line":183,"column":36}},"38":{"start":{"line":188,"column":6},"end":{"line":188,"column":32}},"39":{"start":{"line":193,"column":0},"end":{"line":193,"column":24}}},"fnMap":{"0":{"name":"(anonymous_8)","decl":{"start":{"line":7,"column":8},"end":{"line":7,"column":22}},"loc":{"start":{"line":7,"column":50},"end":{"line":26,"column":null}}},"1":{"name":"(anonymous_10)","decl":{"start":{"line":28,"column":8},"end":{"line":28,"column":22}},"loc":{"start":{"line":28,"column":50},"end":{"line":62,"column":null}}},"2":{"name":"(anonymous_12)","decl":{"start":{"line":64,"column":8},"end":{"line":64,"column":21}},"loc":{"start":{"line":64,"column":49},"end":{"line":101,"column":null}}},"3":{"name":"(anonymous_14)","decl":{"start":{"line":82,"column":52},"end":{"line":82,"column":53}},"loc":{"start":{"line":82,"column":67},"end":{"line":89,"column":7}}},"4":{"name":"(anonymous_15)","decl":{"start":{"line":103,"column":8},"end":{"line":103,"column":25}},"loc":{"start":{"line":103,"column":53},"end":{"line":137,"column":null}}},"5":{"name":"(anonymous_17)","decl":{"start":{"line":139,"column":8},"end":{"line":139,"column":25}},"loc":{"start":{"line":139,"column":53},"end":{"line":190,"column":null}}},"6":{"name":"(anonymous_19)","decl":{"start":{"line":172,"column":84},"end":{"line":172,"column":85}},"loc":{"start":{"line":172,"column":99},"end":{"line":179,"column":7}}}},"branchMap":{},"s":{"0":1,"1":1,"2":1,"3":0,"4":0,"5":0,"6":0,"7":0,"8":0,"9":0,"10":0,"11":0,"12":0,"13":0,"14":0,"15":0,"16":0,"17":0,"18":0,"19":0,"20":0,"21":0,"22":0,"23":0,"24":0,"25":0,"26":0,"27":0,"28":0,"29":0,"30":0,"31":0,"32":0,"33":0,"34":0,"35":0,"36":0,"37":0,"38":0,"39":1},"f":{"0":0,"1":0,"2":0,"3":0,"4":0,"5":0,"6":0},"b":{}}
,"C:\\Users\\gueva\\Documents\\BYU-I\\CSE 341 - Web Services\\Team Assignment\\bishoprictools\\controllers\\members.ts": {"path":"C:\\Users\\gueva\\Documents\\BYU-I\\CSE 341 - Web Services\\Team Assignment\\bishoprictools\\controllers\\members.ts","statementMap":{"0":{"start":{"line":2,"column":0},"end":{"line":2,"column":35}},"1":{"start":{"line":3,"column":0},"end":{"line":3,"column":39}},"2":{"start":{"line":6,"column":16},"end":{"line":310,"column":2}},"3":{"start":{"line":14,"column":4},"end":{"line":25,"column":null}},"4":{"start":{"line":15,"column":22},"end":{"line":15,"column":53}},"5":{"start":{"line":19,"column":6},"end":{"line":19,"column":36}},"6":{"start":{"line":24,"column":6},"end":{"line":24,"column":32}},"7":{"start":{"line":40,"column":4},"end":{"line":61,"column":null}},"8":{"start":{"line":42,"column":6},"end":{"line":50,"column":null}},"9":{"start":{"line":43,"column":8},"end":{"line":43,"column":47}},"10":{"start":{"line":48,"column":8},"end":{"line":48,"column":66}},"11":{"start":{"line":49,"column":8},"end":{"line":49,"column":15}},"12":{"start":{"line":51,"column":21},"end":{"line":51,"column":55}},"13":{"start":{"line":55,"column":6},"end":{"line":55,"column":35}},"14":{"start":{"line":60,"column":6},"end":{"line":60,"column":32}},"15":{"start":{"line":77,"column":4},"end":{"line":118,"column":null}},"16":{"start":{"line":78,"column":21},"end":{"line":81,"column":8}},"17":{"start":{"line":82,"column":6},"end":{"line":84,"column":null}},"18":{"start":{"line":83,"column":8},"end":{"line":83,"column":57}},"19":{"start":{"line":85,"column":6},"end":{"line":87,"column":null}},"20":{"start":{"line":86,"column":8},"end":{"line":86,"column":63}},"21":{"start":{"line":88,"column":6},"end":{"line":90,"column":null}},"22":{"start":{"line":89,"column":8},"end":{"line":89,"column":57}},"23":{"start":{"line":91,"column":6},"end":{"line":93,"column":null}},"24":{"start":{"line":92,"column":8},"end":{"line":92,"column":63}},"25":{"start":{"line":94,"column":6},"end":{"line":96,"column":null}},"26":{"start":{"line":95,"column":8},"end":{"line":95,"column":59}},"27":{"start":{"line":97,"column":6},"end":{"line":99,"column":null}},"28":{"start":{"line":98,"column":8},"end":{"line":98,"column":73}},"29":{"start":{"line":100,"column":24},"end":{"line":107,"column":8}},"30":{"start":{"line":104,"column":8},"end":{"line":106,"column":11}},"31":{"start":{"line":112,"column":6},"end":{"line":112,"column":38}},"32":{"start":{"line":117,"column":6},"end":{"line":117,"column":32}},"33":{"start":{"line":133,"column":4},"end":{"line":154,"column":null}},"34":{"start":{"line":135,"column":6},"end":{"line":143,"column":null}},"35":{"start":{"line":136,"column":8},"end":{"line":136,"column":47}},"36":{"start":{"line":141,"column":8},"end":{"line":141,"column":66}},"37":{"start":{"line":142,"column":8},"end":{"line":142,"column":15}},"38":{"start":{"line":144,"column":6},"end":{"line":144,"column":33}},"39":{"start":{"line":148,"column":6},"end":{"line":148,"column":29}},"40":{"start":{"line":153,"column":6},"end":{"line":153,"column":32}},"41":{"start":{"line":175,"column":4},"end":{"line":225,"column":null}},"42":{"start":{"line":176,"column":21},"end":{"line":179,"column":null}},"43":{"start":{"line":180,"column":6},"end":{"line":182,"column":null}},"44":{"start":{"line":181,"column":8},"end":{"line":181,"column":57}},"45":{"start":{"line":183,"column":6},"end":{"line":185,"column":null}},"46":{"start":{"line":184,"column":8},"end":{"line":184,"column":63}},"47":{"start":{"line":186,"column":6},"end":{"line":188,"column":null}},"48":{"start":{"line":187,"column":8},"end":{"line":187,"column":57}},"49":{"start":{"line":189,"column":6},"end":{"line":191,"column":null}},"50":{"start":{"line":190,"column":8},"end":{"line":190,"column":63}},"51":{"start":{"line":192,"column":6},"end":{"line":194,"column":null}},"52":{"start":{"line":193,"column":8},"end":{"line":193,"column":59}},"53":{"start":{"line":195,"column":6},"end":{"line":197,"column":null}},"54":{"start":{"line":196,"column":8},"end":{"line":196,"column":73}},"55":{"start":{"line":199,"column":6},"end":{"line":207,"column":null}},"56":{"start":{"line":200,"column":8},"end":{"line":200,"column":47}},"57":{"start":{"line":205,"column":8},"end":{"line":205,"column":66}},"58":{"start":{"line":206,"column":8},"end":{"line":206,"column":15}},"59":{"start":{"line":208,"column":6},"end":{"line":215,"column":9}},"60":{"start":{"line":212,"column":8},"end":{"line":214,"column":11}},"61":{"start":{"line":219,"column":6},"end":{"line":219,"column":35}},"62":{"start":{"line":224,"column":6},"end":{"line":224,"column":32}},"63":{"start":{"line":246,"column":4},"end":{"line":264,"column":null}},"64":{"start":{"line":248,"column":6},"end":{"line":256,"column":null}},"65":{"start":{"line":249,"column":8},"end":{"line":249,"column":45}},"66":{"start":{"line":254,"column":8},"end":{"line":254,"column":66}},"67":{"start":{"line":255,"column":8},"end":{"line":255,"column":15}},"68":{"start":{"line":257,"column":22},"end":{"line":257,"column":67}},"69":{"start":{"line":258,"column":6},"end":{"line":258,"column":36}},"70":{"start":{"line":263,"column":6},"end":{"line":263,"column":32}},"71":{"start":{"line":312,"column":0},"end":{"line":312,"column":23}}},"fnMap":{"0":{"name":"(anonymous_8)","decl":{"start":{"line":7,"column":8},"end":{"line":7,"column":21}},"loc":{"start":{"line":7,"column":49},"end":{"line":26,"column":null}}},"1":{"name":"(anonymous_10)","decl":{"start":{"line":28,"column":8},"end":{"line":28,"column":21}},"loc":{"start":{"line":28,"column":49},"end":{"line":62,"column":null}}},"2":{"name":"(anonymous_12)","decl":{"start":{"line":64,"column":8},"end":{"line":64,"column":20}},"loc":{"start":{"line":64,"column":48},"end":{"line":119,"column":null}}},"3":{"name":"(anonymous_14)","decl":{"start":{"line":100,"column":50},"end":{"line":100,"column":51}},"loc":{"start":{"line":100,"column":65},"end":{"line":107,"column":7}}},"4":{"name":"(anonymous_15)","decl":{"start":{"line":121,"column":8},"end":{"line":121,"column":24}},"loc":{"start":{"line":121,"column":52},"end":{"line":155,"column":null}}},"5":{"name":"(anonymous_17)","decl":{"start":{"line":157,"column":8},"end":{"line":157,"column":24}},"loc":{"start":{"line":157,"column":52},"end":{"line":226,"column":null}}},"6":{"name":"(anonymous_19)","decl":{"start":{"line":208,"column":82},"end":{"line":208,"column":83}},"loc":{"start":{"line":208,"column":97},"end":{"line":215,"column":7}}},"7":{"name":"(anonymous_20)","decl":{"start":{"line":228,"column":8},"end":{"line":228,"column":26}},"loc":{"start":{"line":228,"column":54},"end":{"line":265,"column":null}}}},"branchMap":{"0":{"loc":{"start":{"line":82,"column":6},"end":{"line":84,"column":null}},"type":"if","locations":[{"start":{"line":82,"column":6},"end":{"line":84,"column":null}}]},"1":{"loc":{"start":{"line":85,"column":6},"end":{"line":87,"column":null}},"type":"if","locations":[{"start":{"line":85,"column":6},"end":{"line":87,"column":null}}]},"2":{"loc":{"start":{"line":88,"column":6},"end":{"line":90,"column":null}},"type":"if","locations":[{"start":{"line":88,"column":6},"end":{"line":90,"column":null}}]},"3":{"loc":{"start":{"line":91,"column":6},"end":{"line":93,"column":null}},"type":"if","locations":[{"start":{"line":91,"column":6},"end":{"line":93,"column":null}}]},"4":{"loc":{"start":{"line":94,"column":6},"end":{"line":96,"column":null}},"type":"if","locations":[{"start":{"line":94,"column":6},"end":{"line":96,"column":null}}]},"5":{"loc":{"start":{"line":97,"column":6},"end":{"line":99,"column":null}},"type":"if","locations":[{"start":{"line":97,"column":6},"end":{"line":99,"column":null}}]},"6":{"loc":{"start":{"line":180,"column":6},"end":{"line":182,"column":null}},"type":"if","locations":[{"start":{"line":180,"column":6},"end":{"line":182,"column":null}}]},"7":{"loc":{"start":{"line":183,"column":6},"end":{"line":185,"column":null}},"type":"if","locations":[{"start":{"line":183,"column":6},"end":{"line":185,"column":null}}]},"8":{"loc":{"start":{"line":186,"column":6},"end":{"line":188,"column":null}},"type":"if","locations":[{"start":{"line":186,"column":6},"end":{"line":188,"column":null}}]},"9":{"loc":{"start":{"line":189,"column":6},"end":{"line":191,"column":null}},"type":"if","locations":[{"start":{"line":189,"column":6},"end":{"line":191,"column":null}}]},"10":{"loc":{"start":{"line":192,"column":6},"end":{"line":194,"column":null}},"type":"if","locations":[{"start":{"line":192,"column":6},"end":{"line":194,"column":null}}]},"11":{"loc":{"start":{"line":195,"column":6},"end":{"line":197,"column":null}},"type":"if","locations":[{"start":{"line":195,"column":6},"end":{"line":197,"column":null}}]}},"s":{"0":1,"1":1,"2":1,"3":0,"4":0,"5":0,"6":0,"7":1,"8":1,"9":1,"10":0,"11":0,"12":1,"13":1,"14":0,"15":1,"16":1,"17":1,"18":1,"19":1,"20":1,"21":1,"22":0,"23":1,"24":1,"25":1,"26":1,"27":1,"28":1,"29":1,"30":0,"31":1,"32":0,"33":1,"34":1,"35":1,"36":0,"37":0,"38":1,"39":1,"40":0,"41":1,"42":1,"43":1,"44":1,"45":1,"46":1,"47":1,"48":1,"49":1,"50":1,"51":1,"52":1,"53":1,"54":1,"55":1,"56":1,"57":0,"58":0,"59":1,"60":0,"61":1,"62":0,"63":0,"64":0,"65":0,"66":0,"67":0,"68":0,"69":0,"70":0,"71":1},"f":{"0":0,"1":1,"2":1,"3":0,"4":1,"5":1,"6":0,"7":0},"b":{"0":[1],"1":[1],"2":[0],"3":[1],"4":[1],"5":[1],"6":[1],"7":[1],"8":[1],"9":[1],"10":[1],"11":[1]}}
,"C:\\Users\\gueva\\Documents\\BYU-I\\CSE 341 - Web Services\\Team Assignment\\bishoprictools\\controllers\\propositions.ts": {"path":"C:\\Users\\gueva\\Documents\\BYU-I\\CSE 341 - Web Services\\Team Assignment\\bishoprictools\\controllers\\propositions.ts","statementMap":{"0":{"start":{"line":2,"column":0},"end":{"line":2,"column":35}},"1":{"start":{"line":3,"column":0},"end":{"line":3,"column":49}},"2":{"start":{"line":4,"column":0},"end":{"line":4,"column":39}},"3":{"start":{"line":5,"column":0},"end":{"line":5,"column":41}},"4":{"start":{"line":7,"column":21},"end":{"line":455,"column":2}},"5":{"start":{"line":15,"column":4},"end":{"line":27,"column":null}},"6":{"start":{"line":16,"column":27},"end":{"line":16,"column":68}},"7":{"start":{"line":21,"column":6},"end":{"line":21,"column":41}},"8":{"start":{"line":26,"column":6},"end":{"line":26,"column":32}},"9":{"start":{"line":42,"column":4},"end":{"line":64,"column":null}},"10":{"start":{"line":44,"column":6},"end":{"line":52,"column":null}},"11":{"start":{"line":45,"column":8},"end":{"line":45,"column":52}},"12":{"start":{"line":50,"column":8},"end":{"line":50,"column":71}},"13":{"start":{"line":51,"column":8},"end":{"line":51,"column":15}},"14":{"start":{"line":53,"column":26},"end":{"line":53,"column":70}},"15":{"start":{"line":58,"column":6},"end":{"line":58,"column":40}},"16":{"start":{"line":63,"column":6},"end":{"line":63,"column":32}},"17":{"start":{"line":85,"column":4},"end":{"line":135,"column":null}},"18":{"start":{"line":86,"column":26},"end":{"line":89,"column":8}},"19":{"start":{"line":90,"column":6},"end":{"line":92,"column":null}},"20":{"start":{"line":91,"column":8},"end":{"line":91,"column":80}},"21":{"start":{"line":93,"column":6},"end":{"line":95,"column":null}},"22":{"start":{"line":94,"column":8},"end":{"line":94,"column":74}},"23":{"start":{"line":96,"column":6},"end":{"line":98,"column":null}},"24":{"start":{"line":97,"column":8},"end":{"line":97,"column":78}},"25":{"start":{"line":99,"column":6},"end":{"line":101,"column":null}},"26":{"start":{"line":100,"column":8},"end":{"line":100,"column":74}},"27":{"start":{"line":102,"column":6},"end":{"line":104,"column":null}},"28":{"start":{"line":103,"column":8},"end":{"line":103,"column":68}},"29":{"start":{"line":105,"column":6},"end":{"line":107,"column":null}},"30":{"start":{"line":106,"column":8},"end":{"line":106,"column":74}},"31":{"start":{"line":108,"column":6},"end":{"line":110,"column":null}},"32":{"start":{"line":109,"column":8},"end":{"line":109,"column":68}},"33":{"start":{"line":111,"column":6},"end":{"line":113,"column":null}},"34":{"start":{"line":112,"column":8},"end":{"line":112,"column":74}},"35":{"start":{"line":114,"column":29},"end":{"line":121,"column":8}},"36":{"start":{"line":118,"column":8},"end":{"line":120,"column":11}},"37":{"start":{"line":129,"column":6},"end":{"line":129,"column":43}},"38":{"start":{"line":134,"column":6},"end":{"line":134,"column":32}},"39":{"start":{"line":150,"column":4},"end":{"line":171,"column":null}},"40":{"start":{"line":152,"column":6},"end":{"line":160,"column":null}},"41":{"start":{"line":153,"column":8},"end":{"line":153,"column":52}},"42":{"start":{"line":158,"column":8},"end":{"line":158,"column":71}},"43":{"start":{"line":159,"column":8},"end":{"line":159,"column":15}},"44":{"start":{"line":161,"column":6},"end":{"line":161,"column":38}},"45":{"start":{"line":165,"column":6},"end":{"line":165,"column":29}},"46":{"start":{"line":170,"column":6},"end":{"line":170,"column":32}},"47":{"start":{"line":192,"column":4},"end":{"line":248,"column":null}},"48":{"start":{"line":193,"column":26},"end":{"line":196,"column":null}},"49":{"start":{"line":197,"column":6},"end":{"line":199,"column":null}},"50":{"start":{"line":198,"column":8},"end":{"line":198,"column":80}},"51":{"start":{"line":200,"column":6},"end":{"line":202,"column":null}},"52":{"start":{"line":201,"column":8},"end":{"line":201,"column":74}},"53":{"start":{"line":203,"column":6},"end":{"line":205,"column":null}},"54":{"start":{"line":204,"column":8},"end":{"line":204,"column":78}},"55":{"start":{"line":206,"column":6},"end":{"line":208,"column":null}},"56":{"start":{"line":207,"column":8},"end":{"line":207,"column":74}},"57":{"start":{"line":209,"column":6},"end":{"line":211,"column":null}},"58":{"start":{"line":210,"column":8},"end":{"line":210,"column":68}},"59":{"start":{"line":212,"column":6},"end":{"line":214,"column":null}},"60":{"start":{"line":213,"column":8},"end":{"line":213,"column":74}},"61":{"start":{"line":215,"column":6},"end":{"line":217,"column":null}},"62":{"start":{"line":216,"column":8},"end":{"line":216,"column":68}},"63":{"start":{"line":218,"column":6},"end":{"line":220,"column":null}},"64":{"start":{"line":219,"column":8},"end":{"line":219,"column":74}},"65":{"start":{"line":222,"column":6},"end":{"line":230,"column":null}},"66":{"start":{"line":223,"column":8},"end":{"line":223,"column":52}},"67":{"start":{"line":228,"column":8},"end":{"line":228,"column":71}},"68":{"start":{"line":229,"column":8},"end":{"line":229,"column":15}},"69":{"start":{"line":231,"column":6},"end":{"line":238,"column":9}},"70":{"start":{"line":235,"column":8},"end":{"line":237,"column":11}},"71":{"start":{"line":242,"column":6},"end":{"line":242,"column":40}},"72":{"start":{"line":247,"column":6},"end":{"line":247,"column":32}},"73":{"start":{"line":269,"column":4},"end":{"line":292,"column":null}},"74":{"start":{"line":271,"column":6},"end":{"line":279,"column":null}},"75":{"start":{"line":272,"column":8},"end":{"line":272,"column":45}},"76":{"start":{"line":277,"column":8},"end":{"line":277,"column":64}},"77":{"start":{"line":278,"column":8},"end":{"line":278,"column":15}},"78":{"start":{"line":280,"column":24},"end":{"line":280,"column":73}},"79":{"start":{"line":281,"column":27},"end":{"line":285,"column":25}},"80":{"start":{"line":286,"column":6},"end":{"line":286,"column":41}},"81":{"start":{"line":291,"column":6},"end":{"line":291,"column":32}},"82":{"start":{"line":313,"column":4},"end":{"line":336,"column":null}},"83":{"start":{"line":315,"column":6},"end":{"line":323,"column":null}},"84":{"start":{"line":316,"column":8},"end":{"line":316,"column":46}},"85":{"start":{"line":321,"column":8},"end":{"line":321,"column":71}},"86":{"start":{"line":322,"column":8},"end":{"line":322,"column":15}},"87":{"start":{"line":324,"column":24},"end":{"line":324,"column":74}},"88":{"start":{"line":325,"column":27},"end":{"line":329,"column":25}},"89":{"start":{"line":330,"column":6},"end":{"line":330,"column":41}},"90":{"start":{"line":335,"column":6},"end":{"line":335,"column":32}},"91":{"start":{"line":356,"column":4},"end":{"line":396,"column":null}},"92":{"start":{"line":358,"column":6},"end":{"line":366,"column":null}},"93":{"start":{"line":359,"column":8},"end":{"line":359,"column":49}},"94":{"start":{"line":364,"column":8},"end":{"line":364,"column":64}},"95":{"start":{"line":365,"column":8},"end":{"line":365,"column":15}},"96":{"start":{"line":368,"column":6},"end":{"line":376,"column":null}},"97":{"start":{"line":369,"column":8},"end":{"line":369,"column":56}},"98":{"start":{"line":374,"column":8},"end":{"line":374,"column":72}},"99":{"start":{"line":375,"column":8},"end":{"line":375,"column":15}},"100":{"start":{"line":377,"column":25},"end":{"line":377,"column":86}},"101":{"start":{"line":378,"column":24},"end":{"line":378,"column":77}},"102":{"start":{"line":379,"column":27},"end":{"line":386,"column":25}},"103":{"start":{"line":390,"column":6},"end":{"line":390,"column":41}},"104":{"start":{"line":395,"column":6},"end":{"line":395,"column":32}},"105":{"start":{"line":416,"column":4},"end":{"line":453,"column":null}},"106":{"start":{"line":418,"column":6},"end":{"line":426,"column":null}},"107":{"start":{"line":419,"column":8},"end":{"line":419,"column":49}},"108":{"start":{"line":424,"column":8},"end":{"line":424,"column":64}},"109":{"start":{"line":425,"column":8},"end":{"line":425,"column":15}},"110":{"start":{"line":428,"column":6},"end":{"line":436,"column":null}},"111":{"start":{"line":429,"column":8},"end":{"line":429,"column":55}},"112":{"start":{"line":434,"column":8},"end":{"line":434,"column":72}},"113":{"start":{"line":435,"column":8},"end":{"line":435,"column":15}},"114":{"start":{"line":437,"column":24},"end":{"line":437,"column":77}},"115":{"start":{"line":438,"column":27},"end":{"line":443,"column":25}},"116":{"start":{"line":447,"column":6},"end":{"line":447,"column":41}},"117":{"start":{"line":452,"column":6},"end":{"line":452,"column":32}},"118":{"start":{"line":457,"column":0},"end":{"line":457,"column":28}}},"fnMap":{"0":{"name":"(anonymous_8)","decl":{"start":{"line":8,"column":8},"end":{"line":8,"column":26}},"loc":{"start":{"line":8,"column":54},"end":{"line":28,"column":null}}},"1":{"name":"(anonymous_10)","decl":{"start":{"line":30,"column":8},"end":{"line":30,"column":26}},"loc":{"start":{"line":30,"column":54},"end":{"line":65,"column":null}}},"2":{"name":"(anonymous_12)","decl":{"start":{"line":67,"column":8},"end":{"line":67,"column":25}},"loc":{"start":{"line":67,"column":53},"end":{"line":136,"column":null}}},"3":{"name":"(anonymous_14)","decl":{"start":{"line":114,"column":60},"end":{"line":114,"column":61}},"loc":{"start":{"line":114,"column":75},"end":{"line":121,"column":7}}},"4":{"name":"(anonymous_15)","decl":{"start":{"line":138,"column":8},"end":{"line":138,"column":29}},"loc":{"start":{"line":138,"column":57},"end":{"line":172,"column":null}}},"5":{"name":"(anonymous_17)","decl":{"start":{"line":174,"column":8},"end":{"line":174,"column":29}},"loc":{"start":{"line":174,"column":57},"end":{"line":249,"column":null}}},"6":{"name":"(anonymous_19)","decl":{"start":{"line":231,"column":92},"end":{"line":231,"column":93}},"loc":{"start":{"line":231,"column":107},"end":{"line":238,"column":7}}},"7":{"name":"(anonymous_20)","decl":{"start":{"line":251,"column":8},"end":{"line":251,"column":31}},"loc":{"start":{"line":251,"column":59},"end":{"line":293,"column":null}}},"8":{"name":"(anonymous_22)","decl":{"start":{"line":295,"column":8},"end":{"line":295,"column":32}},"loc":{"start":{"line":295,"column":60},"end":{"line":337,"column":null}}},"9":{"name":"(anonymous_24)","decl":{"start":{"line":339,"column":8},"end":{"line":339,"column":43}},"loc":{"start":{"line":339,"column":71},"end":{"line":397,"column":null}}},"10":{"name":"(anonymous_26)","decl":{"start":{"line":399,"column":8},"end":{"line":399,"column":38}},"loc":{"start":{"line":399,"column":66},"end":{"line":454,"column":null}}}},"branchMap":{"0":{"loc":{"start":{"line":90,"column":6},"end":{"line":92,"column":null}},"type":"if","locations":[{"start":{"line":90,"column":6},"end":{"line":92,"column":null}}]},"1":{"loc":{"start":{"line":93,"column":6},"end":{"line":95,"column":null}},"type":"if","locations":[{"start":{"line":93,"column":6},"end":{"line":95,"column":null}}]},"2":{"loc":{"start":{"line":96,"column":6},"end":{"line":98,"column":null}},"type":"if","locations":[{"start":{"line":96,"column":6},"end":{"line":98,"column":null}}]},"3":{"loc":{"start":{"line":99,"column":6},"end":{"line":101,"column":null}},"type":"if","locations":[{"start":{"line":99,"column":6},"end":{"line":101,"column":null}}]},"4":{"loc":{"start":{"line":102,"column":6},"end":{"line":104,"column":null}},"type":"if","locations":[{"start":{"line":102,"column":6},"end":{"line":104,"column":null}}]},"5":{"loc":{"start":{"line":105,"column":6},"end":{"line":107,"column":null}},"type":"if","locations":[{"start":{"line":105,"column":6},"end":{"line":107,"column":null}}]},"6":{"loc":{"start":{"line":108,"column":6},"end":{"line":110,"column":null}},"type":"if","locations":[{"start":{"line":108,"column":6},"end":{"line":110,"column":null}}]},"7":{"loc":{"start":{"line":111,"column":6},"end":{"line":113,"column":null}},"type":"if","locations":[{"start":{"line":111,"column":6},"end":{"line":113,"column":null}}]},"8":{"loc":{"start":{"line":197,"column":6},"end":{"line":199,"column":null}},"type":"if","locations":[{"start":{"line":197,"column":6},"end":{"line":199,"column":null}}]},"9":{"loc":{"start":{"line":200,"column":6},"end":{"line":202,"column":null}},"type":"if","locations":[{"start":{"line":200,"column":6},"end":{"line":202,"column":null}}]},"10":{"loc":{"start":{"line":203,"column":6},"end":{"line":205,"column":null}},"type":"if","locations":[{"start":{"line":203,"column":6},"end":{"line":205,"column":null}}]},"11":{"loc":{"start":{"line":206,"column":6},"end":{"line":208,"column":null}},"type":"if","locations":[{"start":{"line":206,"column":6},"end":{"line":208,"column":null}}]},"12":{"loc":{"start":{"line":209,"column":6},"end":{"line":211,"column":null}},"type":"if","locations":[{"start":{"line":209,"column":6},"end":{"line":211,"column":null}}]},"13":{"loc":{"start":{"line":212,"column":6},"end":{"line":214,"column":null}},"type":"if","locations":[{"start":{"line":212,"column":6},"end":{"line":214,"column":null}}]},"14":{"loc":{"start":{"line":215,"column":6},"end":{"line":217,"column":null}},"type":"if","locations":[{"start":{"line":215,"column":6},"end":{"line":217,"column":null}}]},"15":{"loc":{"start":{"line":218,"column":6},"end":{"line":220,"column":null}},"type":"if","locations":[{"start":{"line":218,"column":6},"end":{"line":220,"column":null}}]}},"s":{"0":1,"1":1,"2":1,"3":1,"4":1,"5":0,"6":0,"7":0,"8":0,"9":0,"10":0,"11":0,"12":0,"13":0,"14":0,"15":0,"16":0,"17":0,"18":0,"19":0,"20":0,"21":0,"22":0,"23":0,"24":0,"25":0,"26":0,"27":0,"28":0,"29":0,"30":0,"31":0,"32":0,"33":0,"34":0,"35":0,"36":0,"37":0,"38":0,"39":0,"40":0,"41":0,"42":0,"43":0,"44":0,"45":0,"46":0,"47":0,"48":0,"49":0,"50":0,"51":0,"52":0,"53":0,"54":0,"55":0,"56":0,"57":0,"58":0,"59":0,"60":0,"61":0,"62":0,"63":0,"64":0,"65":0,"66":0,"67":0,"68":0,"69":0,"70":0,"71":0,"72":0,"73":0,"74":0,"75":0,"76":0,"77":0,"78":0,"79":0,"80":0,"81":0,"82":0,"83":0,"84":0,"85":0,"86":0,"87":0,"88":0,"89":0,"90":0,"91":0,"92":0,"93":0,"94":0,"95":0,"96":0,"97":0,"98":0,"99":0,"100":0,"101":0,"102":0,"103":0,"104":0,"105":0,"106":0,"107":0,"108":0,"109":0,"110":0,"111":0,"112":0,"113":0,"114":0,"115":0,"116":0,"117":0,"118":1},"f":{"0":0,"1":0,"2":0,"3":0,"4":0,"5":0,"6":0,"7":0,"8":0,"9":0,"10":0},"b":{"0":[0],"1":[0],"2":[0],"3":[0],"4":[0],"5":[0],"6":[0],"7":[0],"8":[0],"9":[0],"10":[0],"11":[0],"12":[0],"13":[0],"14":[0],"15":[0]}}
,"C:\\Users\\gueva\\Documents\\BYU-I\\CSE 341 - Web Services\\Team Assignment\\bishoprictools\\controllers\\wards.ts": {"path":"C:\\Users\\gueva\\Documents\\BYU-I\\CSE 341 - Web Services\\Team Assignment\\bishoprictools\\controllers\\wards.ts","statementMap":{"0":{"start":{"line":2,"column":0},"end":{"line":2,"column":35}},"1":{"start":{"line":3,"column":0},"end":{"line":3,"column":35}},"2":{"start":{"line":6,"column":14},"end":{"line":191,"column":2}},"3":{"start":{"line":14,"column":4},"end":{"line":25,"column":null}},"4":{"start":{"line":15,"column":20},"end":{"line":15,"column":47}},"5":{"start":{"line":19,"column":6},"end":{"line":19,"column":34}},"6":{"start":{"line":24,"column":6},"end":{"line":24,"column":32}},"7":{"start":{"line":40,"column":4},"end":{"line":61,"column":null}},"8":{"start":{"line":42,"column":6},"end":{"line":50,"column":null}},"9":{"start":{"line":43,"column":8},"end":{"line":43,"column":45}},"10":{"start":{"line":48,"column":8},"end":{"line":48,"column":64}},"11":{"start":{"line":49,"column":8},"end":{"line":49,"column":15}},"12":{"start":{"line":51,"column":19},"end":{"line":51,"column":49}},"13":{"start":{"line":55,"column":6},"end":{"line":55,"column":33}},"14":{"start":{"line":60,"column":6},"end":{"line":60,"column":32}},"15":{"start":{"line":77,"column":4},"end":{"line":100,"column":null}},"16":{"start":{"line":78,"column":19},"end":{"line":81,"column":8}},"17":{"start":{"line":82,"column":22},"end":{"line":89,"column":8}},"18":{"start":{"line":86,"column":8},"end":{"line":88,"column":11}},"19":{"start":{"line":94,"column":6},"end":{"line":94,"column":36}},"20":{"start":{"line":99,"column":6},"end":{"line":99,"column":32}},"21":{"start":{"line":115,"column":4},"end":{"line":136,"column":null}},"22":{"start":{"line":117,"column":6},"end":{"line":125,"column":null}},"23":{"start":{"line":118,"column":8},"end":{"line":118,"column":45}},"24":{"start":{"line":123,"column":8},"end":{"line":123,"column":64}},"25":{"start":{"line":124,"column":8},"end":{"line":124,"column":15}},"26":{"start":{"line":126,"column":6},"end":{"line":126,"column":31}},"27":{"start":{"line":130,"column":6},"end":{"line":130,"column":29}},"28":{"start":{"line":135,"column":6},"end":{"line":135,"column":32}},"29":{"start":{"line":157,"column":4},"end":{"line":189,"column":null}},"30":{"start":{"line":158,"column":19},"end":{"line":161,"column":null}},"31":{"start":{"line":163,"column":6},"end":{"line":171,"column":null}},"32":{"start":{"line":164,"column":8},"end":{"line":164,"column":45}},"33":{"start":{"line":169,"column":8},"end":{"line":169,"column":64}},"34":{"start":{"line":170,"column":8},"end":{"line":170,"column":15}},"35":{"start":{"line":172,"column":6},"end":{"line":179,"column":9}},"36":{"start":{"line":176,"column":8},"end":{"line":178,"column":11}},"37":{"start":{"line":183,"column":6},"end":{"line":183,"column":33}},"38":{"start":{"line":188,"column":6},"end":{"line":188,"column":32}},"39":{"start":{"line":193,"column":0},"end":{"line":193,"column":21}}},"fnMap":{"0":{"name":"(anonymous_8)","decl":{"start":{"line":7,"column":8},"end":{"line":7,"column":19}},"loc":{"start":{"line":7,"column":47},"end":{"line":26,"column":null}}},"1":{"name":"(anonymous_10)","decl":{"start":{"line":28,"column":8},"end":{"line":28,"column":19}},"loc":{"start":{"line":28,"column":47},"end":{"line":62,"column":null}}},"2":{"name":"(anonymous_12)","decl":{"start":{"line":64,"column":8},"end":{"line":64,"column":18}},"loc":{"start":{"line":64,"column":46},"end":{"line":101,"column":null}}},"3":{"name":"(anonymous_14)","decl":{"start":{"line":82,"column":46},"end":{"line":82,"column":47}},"loc":{"start":{"line":82,"column":61},"end":{"line":89,"column":7}}},"4":{"name":"(anonymous_15)","decl":{"start":{"line":103,"column":8},"end":{"line":103,"column":22}},"loc":{"start":{"line":103,"column":50},"end":{"line":137,"column":null}}},"5":{"name":"(anonymous_17)","decl":{"start":{"line":139,"column":8},"end":{"line":139,"column":22}},"loc":{"start":{"line":139,"column":50},"end":{"line":190,"column":null}}},"6":{"name":"(anonymous_19)","decl":{"start":{"line":172,"column":78},"end":{"line":172,"column":79}},"loc":{"start":{"line":172,"column":93},"end":{"line":179,"column":7}}}},"branchMap":{},"s":{"0":1,"1":1,"2":1,"3":0,"4":0,"5":0,"6":0,"7":0,"8":0,"9":0,"10":0,"11":0,"12":0,"13":0,"14":0,"15":0,"16":0,"17":0,"18":0,"19":0,"20":0,"21":0,"22":0,"23":0,"24":0,"25":0,"26":0,"27":0,"28":0,"29":0,"30":0,"31":0,"32":0,"33":0,"34":0,"35":0,"36":0,"37":0,"38":0,"39":1},"f":{"0":0,"1":0,"2":0,"3":0,"4":0,"5":0,"6":0},"b":{}}
,"C:\\Users\\gueva\\Documents\\BYU-I\\CSE 341 - Web Services\\Team Assignment\\bishoprictools\\middlewares\\authCheck.ts": {"path":"C:\\Users\\gueva\\Documents\\BYU-I\\CSE 341 - Web Services\\Team Assignment\\bishoprictools\\middlewares\\authCheck.ts","statementMap":{"0":{"start":{"line":3,"column":18},"end":{"line":9,"column":1}},"1":{"start":{"line":4,"column":2},"end":{"line":8,"column":null}},"2":{"start":{"line":5,"column":4},"end":{"line":5,"column":27}},"3":{"start":{"line":7,"column":4},"end":{"line":7,"column":11}},"4":{"start":{"line":11,"column":0},"end":{"line":11,"column":25}}},"fnMap":{"0":{"name":"(anonymous_0)","decl":{"start":{"line":3,"column":18},"end":{"line":3,"column":19}},"loc":{"start":{"line":3,"column":70},"end":{"line":9,"column":1}}}},"branchMap":{"0":{"loc":{"start":{"line":4,"column":2},"end":{"line":8,"column":null}},"type":"if","locations":[{"start":{"line":4,"column":2},"end":{"line":8,"column":null}},{"start":{"line":6,"column":9},"end":{"line":8,"column":null}}]}},"s":{"0":1,"1":0,"2":0,"3":0,"4":1},"f":{"0":0},"b":{"0":[0,0]}}
,"C:\\Users\\gueva\\Documents\\BYU-I\\CSE 341 - Web Services\\Team Assignment\\bishoprictools\\models\\callings.ts": {"path":"C:\\Users\\gueva\\Documents\\BYU-I\\CSE 341 - Web Services\\Team Assignment\\bishoprictools\\models\\callings.ts","statementMap":{"0":{"start":{"line":1,"column":0},"end":{"line":1,"column":51}},"1":{"start":{"line":8,"column":22},"end":{"line":18,"column":2}},"2":{"start":{"line":20,"column":16},"end":{"line":20,"column":56}},"3":{"start":{"line":22,"column":0},"end":{"line":22,"column":null}}},"fnMap":{},"branchMap":{},"s":{"0":1,"1":1,"2":1,"3":1},"f":{},"b":{}}
,"C:\\Users\\gueva\\Documents\\BYU-I\\CSE 341 - Web Services\\Team Assignment\\bishoprictools\\models\\members.ts": {"path":"C:\\Users\\gueva\\Documents\\BYU-I\\CSE 341 - Web Services\\Team Assignment\\bishoprictools\\models\\members.ts","statementMap":{"0":{"start":{"line":1,"column":0},"end":{"line":1,"column":51}},"1":{"start":{"line":14,"column":21},"end":{"line":49,"column":2}},"2":{"start":{"line":51,"column":15},"end":{"line":51,"column":52}},"3":{"start":{"line":53,"column":0},"end":{"line":53,"column":null}}},"fnMap":{},"branchMap":{},"s":{"0":1,"1":1,"2":1,"3":1},"f":{},"b":{}}
,"C:\\Users\\gueva\\Documents\\BYU-I\\CSE 341 - Web Services\\Team Assignment\\bishoprictools\\models\\propositions.ts": {"path":"C:\\Users\\gueva\\Documents\\BYU-I\\CSE 341 - Web Services\\Team Assignment\\bishoprictools\\models\\propositions.ts","statementMap":{"0":{"start":{"line":1,"column":0},"end":{"line":1,"column":51}},"1":{"start":{"line":16,"column":26},"end":{"line":57,"column":2}},"2":{"start":{"line":59,"column":20},"end":{"line":59,"column":72}},"3":{"start":{"line":61,"column":0},"end":{"line":61,"column":null}}},"fnMap":{},"branchMap":{},"s":{"0":1,"1":1,"2":1,"3":1},"f":{},"b":{}}
,"C:\\Users\\gueva\\Documents\\BYU-I\\CSE 341 - Web Services\\Team Assignment\\bishoprictools\\models\\users.ts": {"path":"C:\\Users\\gueva\\Documents\\BYU-I\\CSE 341 - Web Services\\Team Assignment\\bishoprictools\\models\\users.ts","statementMap":{"0":{"start":{"line":1,"column":0},"end":{"line":1,"column":51}},"1":{"start":{"line":8,"column":19},"end":{"line":17,"column":2}},"2":{"start":{"line":19,"column":13},"end":{"line":19,"column":44}},"3":{"start":{"line":21,"column":0},"end":{"line":21,"column":null}}},"fnMap":{},"branchMap":{},"s":{"0":1,"1":1,"2":1,"3":1},"f":{},"b":{}}
,"C:\\Users\\gueva\\Documents\\BYU-I\\CSE 341 - Web Services\\Team Assignment\\bishoprictools\\models\\wards.ts": {"path":"C:\\Users\\gueva\\Documents\\BYU-I\\CSE 341 - Web Services\\Team Assignment\\bishoprictools\\models\\wards.ts","statementMap":{"0":{"start":{"line":1,"column":0},"end":{"line":1,"column":41}},"1":{"start":{"line":7,"column":19},"end":{"line":12,"column":2}},"2":{"start":{"line":14,"column":13},"end":{"line":14,"column":44}},"3":{"start":{"line":16,"column":0},"end":{"line":16,"column":null}}},"fnMap":{},"branchMap":{},"s":{"0":1,"1":1,"2":1,"3":1},"f":{},"b":{}}
,"C:\\Users\\gueva\\Documents\\BYU-I\\CSE 341 - Web Services\\Team Assignment\\bishoprictools\\routes\\auth.ts": {"path":"C:\\Users\\gueva\\Documents\\BYU-I\\CSE 341 - Web Services\\Team Assignment\\bishoprictools\\routes\\auth.ts","statementMap":{"0":{"start":{"line":1,"column":0},"end":{"line":1,"column":35}},"1":{"start":{"line":2,"column":0},"end":{"line":2,"column":39}},"2":{"start":{"line":3,"column":17},"end":{"line":3,"column":36}},"3":{"start":{"line":4,"column":26},"end":{"line":4,"column":55}},"4":{"start":{"line":6,"column":31},"end":{"line":6,"column":47}},"5":{"start":{"line":8,"column":0},"end":{"line":8,"column":null}},"6":{"start":{"line":10,"column":0},"end":{"line":10,"column":null}},"7":{"start":{"line":12,"column":0},"end":{"line":14,"column":null}},"8":{"start":{"line":16,"column":0},"end":{"line":19,"column":null}},"9":{"start":{"line":21,"column":0},"end":{"line":21,"column":null}}},"fnMap":{},"branchMap":{},"s":{"0":1,"1":1,"2":1,"3":1,"4":1,"5":1,"6":1,"7":1,"8":1,"9":1},"f":{},"b":{}}
,"C:\\Users\\gueva\\Documents\\BYU-I\\CSE 341 - Web Services\\Team Assignment\\bishoprictools\\routes\\callings.ts": {"path":"C:\\Users\\gueva\\Documents\\BYU-I\\CSE 341 - Web Services\\Team Assignment\\bishoprictools\\routes\\callings.ts","statementMap":{"0":{"start":{"line":1,"column":0},"end":{"line":1,"column":35}},"1":{"start":{"line":2,"column":0},"end":{"line":2,"column":46}},"2":{"start":{"line":5,"column":31},"end":{"line":5,"column":47}},"3":{"start":{"line":7,"column":0},"end":{"line":12,"column":null}},"4":{"start":{"line":14,"column":0},"end":{"line":14,"column":null}}},"fnMap":{},"branchMap":{},"s":{"0":1,"1":1,"2":1,"3":1,"4":1},"f":{},"b":{}}
,"C:\\Users\\gueva\\Documents\\BYU-I\\CSE 341 - Web Services\\Team Assignment\\bishoprictools\\routes\\members.ts": {"path":"C:\\Users\\gueva\\Documents\\BYU-I\\CSE 341 - Web Services\\Team Assignment\\bishoprictools\\routes\\members.ts","statementMap":{"0":{"start":{"line":1,"column":0},"end":{"line":1,"column":35}},"1":{"start":{"line":2,"column":0},"end":{"line":2,"column":44}},"2":{"start":{"line":5,"column":31},"end":{"line":5,"column":47}},"3":{"start":{"line":7,"column":0},"end":{"line":13,"column":59}},"4":{"start":{"line":16,"column":0},"end":{"line":16,"column":null}}},"fnMap":{},"branchMap":{},"s":{"0":1,"1":1,"2":1,"3":1,"4":1},"f":{},"b":{}}
,"C:\\Users\\gueva\\Documents\\BYU-I\\CSE 341 - Web Services\\Team Assignment\\bishoprictools\\routes\\propositions.ts": {"path":"C:\\Users\\gueva\\Documents\\BYU-I\\CSE 341 - Web Services\\Team Assignment\\bishoprictools\\routes\\propositions.ts","statementMap":{"0":{"start":{"line":1,"column":0},"end":{"line":1,"column":35}},"1":{"start":{"line":2,"column":0},"end":{"line":2,"column":55}},"2":{"start":{"line":3,"column":0},"end":{"line":3,"column":49}},"3":{"start":{"line":5,"column":31},"end":{"line":5,"column":47}},"4":{"start":{"line":7,"column":0},"end":{"line":16,"column":126}},"5":{"start":{"line":18,"column":0},"end":{"line":18,"column":null}}},"fnMap":{},"branchMap":{},"s":{"0":1,"1":1,"2":1,"3":1,"4":1,"5":1},"f":{},"b":{}}
,"C:\\Users\\gueva\\Documents\\BYU-I\\CSE 341 - Web Services\\Team Assignment\\bishoprictools\\routes\\wards.ts": {"path":"C:\\Users\\gueva\\Documents\\BYU-I\\CSE 341 - Web Services\\Team Assignment\\bishoprictools\\routes\\wards.ts","statementMap":{"0":{"start":{"line":1,"column":0},"end":{"line":1,"column":35}},"1":{"start":{"line":2,"column":0},"end":{"line":2,"column":40}},"2":{"start":{"line":3,"column":0},"end":{"line":3,"column":49}},"3":{"start":{"line":5,"column":31},"end":{"line":5,"column":47}},"4":{"start":{"line":7,"column":0},"end":{"line":12,"column":60}},"5":{"start":{"line":14,"column":0},"end":{"line":14,"column":null}}},"fnMap":{},"branchMap":{},"s":{"0":1,"1":1,"2":1,"3":1,"4":1,"5":1},"f":{},"b":{}}
}
