TN:
SF:server.ts
FN:34,(anonymous_7)
FN:40,(anonymous_8)
FN:60,(anonymous_9)
FN:62,(anonymous_10)
FN:65,(anonymous_11)
FNF:5
FNH:3
FNDA:0,(anonymous_7)
FNDA:8,(anonymous_8)
FNDA:1,(anonymous_9)
FNDA:1,(anonymous_10)
FNDA:0,(anonymous_11)
DA:1,1
DA:2,1
DA:3,1
DA:4,1
DA:5,1
DA:6,1
DA:7,1
DA:8,1
DA:9,1
DA:10,1
DA:11,1
DA:12,1
DA:14,1
DA:16,1
DA:17,1
DA:18,1
DA:19,1
DA:21,1
DA:23,1
DA:29,1
DA:30,1
DA:32,1
DA:34,1
DA:35,0
DA:38,1
DA:40,1
DA:41,8
DA:42,8
DA:43,8
DA:44,8
DA:45,8
DA:49,1
DA:51,1
DA:53,1
DA:55,1
DA:57,1
DA:60,1
DA:61,1
DA:62,1
DA:63,1
DA:66,0
DA:67,0
DA:70,1
LF:43
LH:40
BRDA:17,0,0,1
BRDA:17,0,1,0
BRDA:18,1,0,1
BRDA:18,1,1,0
BRDA:19,2,0,1
BRDA:19,2,1,1
BRF:6
BRH:4
end_of_record
TN:
SF:config\passport.ts
FN:9,(anonymous_7)
FN:13,(anonymous_8)
FN:13,(anonymous_9)
FN:26,(anonymous_10)
FN:26,(anonymous_11)
FNF:5
FNH:0
FNDA:0,(anonymous_7)
FNDA:0,(anonymous_8)
FNDA:0,(anonymous_9)
FNDA:0,(anonymous_10)
FNDA:0,(anonymous_11)
DA:3,1
DA:4,1
DA:5,1
DA:6,1
DA:7,1
DA:9,1
DA:10,0
DA:13,1
DA:14,0
DA:15,0
DA:16,0
DA:20,1
DA:26,0
DA:27,0
DA:31,0
DA:32,0
DA:33,0
DA:34,0
DA:38,0
DA:39,0
DA:45,0
LF:21
LH:8
BRDA:15,0,0,0
BRDA:31,1,0,0
BRDA:38,2,0,0
BRF:3
BRH:0
end_of_record
TN:
SF:controllers\auth.ts
FN:4,(anonymous_0)
FN:9,(anonymous_1)
FNF:2
FNH:0
FNDA:0,(anonymous_0)
FNDA:0,(anonymous_1)
DA:3,1
DA:6,0
DA:12,0
DA:13,0
DA:17,1
LF:5
LH:2
BRF:0
BRH:0
end_of_record
TN:
SF:controllers\callings.ts
FN:7,(anonymous_8)
FN:28,(anonymous_10)
FN:64,(anonymous_12)
FN:82,(anonymous_14)
FN:103,(anonymous_15)
FN:139,(anonymous_17)
FN:172,(anonymous_19)
FNF:7
FNH:0
FNDA:0,(anonymous_8)
FNDA:0,(anonymous_10)
FNDA:0,(anonymous_12)
FNDA:0,(anonymous_14)
FNDA:0,(anonymous_15)
FNDA:0,(anonymous_17)
FNDA:0,(anonymous_19)
DA:2,1
DA:3,1
DA:6,1
DA:14,0
DA:15,0
DA:19,0
DA:24,0
DA:40,0
DA:42,0
DA:43,0
DA:48,0
DA:49,0
DA:51,0
DA:55,0
DA:60,0
DA:77,0
DA:78,0
DA:82,0
DA:86,0
DA:94,0
DA:99,0
DA:115,0
DA:117,0
DA:118,0
DA:123,0
DA:124,0
DA:126,0
DA:130,0
DA:135,0
DA:157,0
DA:158,0
DA:163,0
DA:164,0
DA:169,0
DA:170,0
DA:172,0
DA:176,0
DA:183,0
DA:188,0
DA:193,1
LF:40
LH:4
BRF:0
BRH:0
end_of_record
TN:
SF:controllers\members.ts
FN:7,(anonymous_8)
FN:28,(anonymous_10)
FN:64,(anonymous_12)
FN:100,(anonymous_14)
FN:121,(anonymous_15)
FN:157,(anonymous_17)
FN:208,(anonymous_19)
FN:228,(anonymous_20)
FNF:8
FNH:0
FNDA:0,(anonymous_8)
FNDA:0,(anonymous_10)
FNDA:0,(anonymous_12)
FNDA:0,(anonymous_14)
FNDA:0,(anonymous_15)
FNDA:0,(anonymous_17)
FNDA:0,(anonymous_19)
FNDA:0,(anonymous_20)
DA:2,1
DA:3,1
DA:6,1
DA:14,0
DA:15,0
DA:19,0
DA:24,0
DA:40,0
DA:42,0
DA:43,0
DA:48,0
DA:49,0
DA:51,0
DA:55,0
DA:60,0
DA:77,0
DA:78,0
DA:82,0
DA:83,0
DA:85,0
DA:86,0
DA:88,0
DA:89,0
DA:91,0
DA:92,0
DA:94,0
DA:95,0
DA:97,0
DA:98,0
DA:100,0
DA:104,0
DA:112,0
DA:117,0
DA:133,0
DA:135,0
DA:136,0
DA:141,0
DA:142,0
DA:144,0
DA:148,0
DA:153,0
DA:175,0
DA:176,0
DA:180,0
DA:181,0
DA:183,0
DA:184,0
DA:186,0
DA:187,0
DA:189,0
DA:190,0
DA:192,0
DA:193,0
DA:195,0
DA:196,0
DA:199,0
DA:200,0
DA:205,0
DA:206,0
DA:208,0
DA:212,0
DA:219,0
DA:224,0
DA:246,0
DA:248,0
DA:249,0
DA:254,0
DA:255,0
DA:257,0
DA:258,0
DA:263,0
DA:312,1
LF:72
LH:4
BRDA:82,0,0,0
BRDA:85,1,0,0
BRDA:88,2,0,0
BRDA:91,3,0,0
BRDA:94,4,0,0
BRDA:97,5,0,0
BRDA:180,6,0,0
BRDA:183,7,0,0
BRDA:186,8,0,0
BRDA:189,9,0,0
BRDA:192,10,0,0
BRDA:195,11,0,0
BRF:12
BRH:0
end_of_record
TN:
SF:controllers\propositions.ts
FN:8,(anonymous_8)
FN:30,(anonymous_10)
FN:67,(anonymous_12)
FN:114,(anonymous_14)
FN:138,(anonymous_15)
FN:174,(anonymous_17)
FN:231,(anonymous_19)
FN:251,(anonymous_20)
FN:295,(anonymous_22)
FN:339,(anonymous_24)
FN:399,(anonymous_26)
FNF:11
FNH:0
FNDA:0,(anonymous_8)
FNDA:0,(anonymous_10)
FNDA:0,(anonymous_12)
FNDA:0,(anonymous_14)
FNDA:0,(anonymous_15)
FNDA:0,(anonymous_17)
FNDA:0,(anonymous_19)
FNDA:0,(anonymous_20)
FNDA:0,(anonymous_22)
FNDA:0,(anonymous_24)
FNDA:0,(anonymous_26)
DA:2,1
DA:3,1
DA:4,1
DA:5,1
DA:7,1
DA:15,0
DA:16,0
DA:21,0
DA:26,0
DA:42,0
DA:44,0
DA:45,0
DA:50,0
DA:51,0
DA:53,0
DA:58,0
DA:63,0
DA:85,0
DA:86,0
DA:90,0
DA:91,0
DA:93,0
DA:94,0
DA:96,0
DA:97,0
DA:99,0
DA:100,0
DA:102,0
DA:103,0
DA:105,0
DA:106,0
DA:108,0
DA:109,0
DA:111,0
DA:112,0
DA:114,0
DA:118,0
DA:129,0
DA:134,0
DA:150,0
DA:152,0
DA:153,0
DA:158,0
DA:159,0
DA:161,0
DA:165,0
DA:170,0
DA:192,0
DA:193,0
DA:197,0
DA:198,0
DA:200,0
DA:201,0
DA:203,0
DA:204,0
DA:206,0
DA:207,0
DA:209,0
DA:210,0
DA:212,0
DA:213,0
DA:215,0
DA:216,0
DA:218,0
DA:219,0
DA:222,0
DA:223,0
DA:228,0
DA:229,0
DA:231,0
DA:235,0
DA:242,0
DA:247,0
DA:269,0
DA:271,0
DA:272,0
DA:277,0
DA:278,0
DA:280,0
DA:281,0
DA:286,0
DA:291,0
DA:313,0
DA:315,0
DA:316,0
DA:321,0
DA:322,0
DA:324,0
DA:325,0
DA:330,0
DA:335,0
DA:356,0
DA:358,0
DA:359,0
DA:364,0
DA:365,0
DA:368,0
DA:369,0
DA:374,0
DA:375,0
DA:377,0
DA:378,0
DA:379,0
DA:390,0
DA:395,0
DA:416,0
DA:418,0
DA:419,0
DA:424,0
DA:425,0
DA:428,0
DA:429,0
DA:434,0
DA:435,0
DA:437,0
DA:438,0
DA:447,0
DA:452,0
DA:457,1
LF:119
LH:6
BRDA:90,0,0,0
BRDA:93,1,0,0
BRDA:96,2,0,0
BRDA:99,3,0,0
BRDA:102,4,0,0
BRDA:105,5,0,0
BRDA:108,6,0,0
BRDA:111,7,0,0
BRDA:197,8,0,0
BRDA:200,9,0,0
BRDA:203,10,0,0
BRDA:206,11,0,0
BRDA:209,12,0,0
BRDA:212,13,0,0
BRDA:215,14,0,0
BRDA:218,15,0,0
BRF:16
BRH:0
end_of_record
TN:
SF:controllers\wards.ts
FN:7,(anonymous_8)
FN:28,(anonymous_10)
FN:64,(anonymous_12)
FN:81,(anonymous_14)
FN:103,(anonymous_15)
FN:139,(anonymous_17)
FN:171,(anonymous_19)
FNF:7
FNH:5
FNDA:1,(anonymous_8)
FNDA:4,(anonymous_10)
FNDA:1,(anonymous_12)
FNDA:0,(anonymous_14)
FNDA:1,(anonymous_15)
FNDA:1,(anonymous_17)
FNDA:0,(anonymous_19)
DA:2,1
DA:3,1
DA:6,1
DA:14,1
DA:15,1
DA:19,1
DA:24,0
DA:40,4
DA:42,4
DA:43,4
DA:48,3
DA:49,3
DA:51,1
DA:55,1
DA:60,0
DA:77,1
DA:78,1
DA:81,1
DA:85,0
DA:94,1
DA:99,0
DA:115,1
DA:117,1
DA:118,1
DA:123,0
DA:124,0
DA:126,1
DA:130,1
DA:135,0
DA:157,1
DA:158,1
DA:162,1
DA:163,1
DA:168,0
DA:169,0
DA:171,1
DA:175,0
DA:182,1
DA:183,1
DA:188,0
DA:193,1
LF:41
LH:30
BRF:0
BRH:0
end_of_record
TN:
SF:middlewares\authCheck.ts
FN:3,(anonymous_0)
FNF:1
FNH:0
FNDA:0,(anonymous_0)
DA:3,1
DA:4,0
DA:5,0
DA:7,0
DA:11,1
LF:5
LH:2
BRDA:4,0,0,0
BRDA:4,0,1,0
BRF:2
BRH:0
end_of_record
TN:
SF:models\callings.ts
FNF:0
FNH:0
DA:1,1
DA:8,1
DA:20,1
DA:22,1
LF:4
LH:4
BRF:0
BRH:0
end_of_record
TN:
SF:models\members.ts
FNF:0
FNH:0
DA:1,1
DA:14,1
DA:51,1
DA:53,1
LF:4
LH:4
BRF:0
BRH:0
end_of_record
TN:
SF:models\propositions.ts
FNF:0
FNH:0
DA:1,1
DA:16,1
DA:59,1
DA:61,1
LF:4
LH:4
BRF:0
BRH:0
end_of_record
TN:
SF:models\users.ts
FNF:0
FNH:0
DA:1,1
DA:8,1
DA:19,1
DA:21,1
LF:4
LH:4
BRF:0
BRH:0
end_of_record
TN:
SF:models\wards.ts
FNF:0
FNH:0
DA:1,1
DA:7,1
DA:14,1
DA:16,1
LF:4
LH:4
BRF:0
BRH:0
end_of_record
TN:
SF:routes\auth.ts
FNF:0
FNH:0
DA:1,1
DA:2,1
DA:3,1
DA:4,1
DA:6,1
DA:8,1
DA:10,1
DA:12,1
DA:16,1
DA:21,1
LF:10
LH:10
BRF:0
BRH:0
end_of_record
TN:
SF:routes\callings.ts
FNF:0
FNH:0
DA:1,1
DA:2,1
DA:3,1
DA:5,1
DA:7,1
DA:14,1
LF:6
LH:6
BRF:0
BRH:0
end_of_record
TN:
SF:routes\members.ts
FNF:0
FNH:0
DA:1,1
DA:2,1
DA:3,1
DA:5,1
DA:7,1
DA:16,1
LF:6
LH:6
BRF:0
BRH:0
end_of_record
TN:
SF:routes\propositions.ts
FNF:0
FNH:0
DA:1,1
DA:2,1
DA:3,1
DA:5,1
DA:7,1
DA:18,1
LF:6
LH:6
BRF:0
BRH:0
end_of_record
TN:
SF:routes\wards.ts
FNF:0
FNH:0
DA:1,1
DA:2,1
DA:5,1
DA:7,1
DA:14,1
LF:5
LH:5
BRF:0
BRH:0
end_of_record
